2019-02-21 11:48:52 - RuntimeException:  Failed to write cache file "C:/xampp/htdocs/aone_ecomm-master/upload/system/storage/cache/43/4396da6d1ebe09083bd15aa991ebb13e979d7bddbff5fa797d12c019509641b7.php". in C:\xampp\htdocs\aone_ecomm-master\upload\system\storage\vendor\twig\twig\lib\Twig\Cache\Filesystem.php on line 78
2019-02-21 12:48:11 - Twig_Error_Syntax:  Unknown "endfor" tag. in C:\xampp\htdocs\aone_ecomm-master\upload\catalog\view\theme\default\template\common\footer.twig on line 63
2019-02-21 17:12:33 - PHP Notice:  Undefined index: sku in C:\xampp\htdocs\aone_ecomm-master\upload\admin\model\catalog\product.php on line 139
2019-02-21 17:12:33 - PHP Notice:  Undefined index: upc in C:\xampp\htdocs\aone_ecomm-master\upload\admin\model\catalog\product.php on line 139
2019-02-21 17:12:33 - PHP Notice:  Undefined index: ean in C:\xampp\htdocs\aone_ecomm-master\upload\admin\model\catalog\product.php on line 139
2019-02-21 17:12:33 - PHP Notice:  Undefined index: jan in C:\xampp\htdocs\aone_ecomm-master\upload\admin\model\catalog\product.php on line 139
2019-02-21 17:12:33 - PHP Notice:  Undefined index: isbn in C:\xampp\htdocs\aone_ecomm-master\upload\admin\model\catalog\product.php on line 139
2019-02-21 17:12:33 - PHP Notice:  Undefined index: mpn in C:\xampp\htdocs\aone_ecomm-master\upload\admin\model\catalog\product.php on line 139
2019-02-21 17:12:33 - PHP Notice:  Undefined index: location in C:\xampp\htdocs\aone_ecomm-master\upload\admin\model\catalog\product.php on line 139
2019-02-21 17:12:33 - PHP Notice:  Undefined index: tag in C:\xampp\htdocs\aone_ecomm-master\upload\admin\model\catalog\product.php on line 148
2019-02-21 17:12:33 - PHP Notice:  Undefined index: meta_keyword in C:\xampp\htdocs\aone_ecomm-master\upload\admin\model\catalog\product.php on line 148
2019-02-21 17:13:08 - PHP Notice:  Undefined index: sku in C:\xampp\htdocs\aone_ecomm-master\upload\admin\model\catalog\product.php on line 139
2019-02-21 17:13:08 - PHP Notice:  Undefined index: upc in C:\xampp\htdocs\aone_ecomm-master\upload\admin\model\catalog\product.php on line 139
2019-02-21 17:13:08 - PHP Notice:  Undefined index: ean in C:\xampp\htdocs\aone_ecomm-master\upload\admin\model\catalog\product.php on line 139
2019-02-21 17:13:08 - PHP Notice:  Undefined index: jan in C:\xampp\htdocs\aone_ecomm-master\upload\admin\model\catalog\product.php on line 139
2019-02-21 17:13:08 - PHP Notice:  Undefined index: isbn in C:\xampp\htdocs\aone_ecomm-master\upload\admin\model\catalog\product.php on line 139
2019-02-21 17:13:08 - PHP Notice:  Undefined index: mpn in C:\xampp\htdocs\aone_ecomm-master\upload\admin\model\catalog\product.php on line 139
2019-02-21 17:13:08 - PHP Notice:  Undefined index: location in C:\xampp\htdocs\aone_ecomm-master\upload\admin\model\catalog\product.php on line 139
2019-02-21 17:13:08 - PHP Notice:  Undefined index: tag in C:\xampp\htdocs\aone_ecomm-master\upload\admin\model\catalog\product.php on line 148
2019-02-21 17:13:08 - PHP Notice:  Undefined index: meta_keyword in C:\xampp\htdocs\aone_ecomm-master\upload\admin\model\catalog\product.php on line 148
2019-02-21 17:13:40 - PHP Notice:  Undefined index: sku in C:\xampp\htdocs\aone_ecomm-master\upload\admin\model\catalog\product.php on line 139
2019-02-21 17:13:40 - PHP Notice:  Undefined index: upc in C:\xampp\htdocs\aone_ecomm-master\upload\admin\model\catalog\product.php on line 139
2019-02-21 17:13:40 - PHP Notice:  Undefined index: ean in C:\xampp\htdocs\aone_ecomm-master\upload\admin\model\catalog\product.php on line 139
2019-02-21 17:13:40 - PHP Notice:  Undefined index: jan in C:\xampp\htdocs\aone_ecomm-master\upload\admin\model\catalog\product.php on line 139
2019-02-21 17:13:40 - PHP Notice:  Undefined index: isbn in C:\xampp\htdocs\aone_ecomm-master\upload\admin\model\catalog\product.php on line 139
2019-02-21 17:13:40 - PHP Notice:  Undefined index: mpn in C:\xampp\htdocs\aone_ecomm-master\upload\admin\model\catalog\product.php on line 139
2019-02-21 17:13:40 - PHP Notice:  Undefined index: location in C:\xampp\htdocs\aone_ecomm-master\upload\admin\model\catalog\product.php on line 139
2019-02-21 17:13:40 - PHP Notice:  Undefined index: tag in C:\xampp\htdocs\aone_ecomm-master\upload\admin\model\catalog\product.php on line 148
2019-02-21 17:13:40 - PHP Notice:  Undefined index: meta_keyword in C:\xampp\htdocs\aone_ecomm-master\upload\admin\model\catalog\product.php on line 148
2019-02-21 17:14:43 - PHP Notice:  Undefined index: sku in C:\xampp\htdocs\aone_ecomm-master\upload\admin\model\catalog\product.php on line 139
2019-02-21 17:14:43 - PHP Notice:  Undefined index: upc in C:\xampp\htdocs\aone_ecomm-master\upload\admin\model\catalog\product.php on line 139
2019-02-21 17:14:43 - PHP Notice:  Undefined index: ean in C:\xampp\htdocs\aone_ecomm-master\upload\admin\model\catalog\product.php on line 139
2019-02-21 17:14:43 - PHP Notice:  Undefined index: jan in C:\xampp\htdocs\aone_ecomm-master\upload\admin\model\catalog\product.php on line 139
2019-02-21 17:14:43 - PHP Notice:  Undefined index: isbn in C:\xampp\htdocs\aone_ecomm-master\upload\admin\model\catalog\product.php on line 139
2019-02-21 17:14:43 - PHP Notice:  Undefined index: mpn in C:\xampp\htdocs\aone_ecomm-master\upload\admin\model\catalog\product.php on line 139
2019-02-21 17:14:43 - PHP Notice:  Undefined index: location in C:\xampp\htdocs\aone_ecomm-master\upload\admin\model\catalog\product.php on line 139
2019-02-21 17:14:43 - PHP Notice:  Undefined index: tag in C:\xampp\htdocs\aone_ecomm-master\upload\admin\model\catalog\product.php on line 148
2019-02-21 17:14:43 - PHP Notice:  Undefined index: meta_keyword in C:\xampp\htdocs\aone_ecomm-master\upload\admin\model\catalog\product.php on line 148
2019-02-21 17:15:21 - PHP Notice:  Undefined index: sku in C:\xampp\htdocs\aone_ecomm-master\upload\admin\model\catalog\product.php on line 139
2019-02-21 17:15:21 - PHP Notice:  Undefined index: upc in C:\xampp\htdocs\aone_ecomm-master\upload\admin\model\catalog\product.php on line 139
2019-02-21 17:15:21 - PHP Notice:  Undefined index: ean in C:\xampp\htdocs\aone_ecomm-master\upload\admin\model\catalog\product.php on line 139
2019-02-21 17:15:21 - PHP Notice:  Undefined index: jan in C:\xampp\htdocs\aone_ecomm-master\upload\admin\model\catalog\product.php on line 139
2019-02-21 17:15:21 - PHP Notice:  Undefined index: isbn in C:\xampp\htdocs\aone_ecomm-master\upload\admin\model\catalog\product.php on line 139
2019-02-21 17:15:21 - PHP Notice:  Undefined index: mpn in C:\xampp\htdocs\aone_ecomm-master\upload\admin\model\catalog\product.php on line 139
2019-02-21 17:15:21 - PHP Notice:  Undefined index: location in C:\xampp\htdocs\aone_ecomm-master\upload\admin\model\catalog\product.php on line 139
2019-02-21 17:15:21 - PHP Notice:  Undefined index: tag in C:\xampp\htdocs\aone_ecomm-master\upload\admin\model\catalog\product.php on line 148
2019-02-21 17:15:21 - PHP Notice:  Undefined index: meta_keyword in C:\xampp\htdocs\aone_ecomm-master\upload\admin\model\catalog\product.php on line 148
2019-02-21 17:16:31 - PHP Notice:  Undefined index: sku in C:\xampp\htdocs\aone_ecomm-master\upload\admin\model\catalog\product.php on line 139
2019-02-21 17:16:31 - PHP Notice:  Undefined index: upc in C:\xampp\htdocs\aone_ecomm-master\upload\admin\model\catalog\product.php on line 139
2019-02-21 17:16:31 - PHP Notice:  Undefined index: ean in C:\xampp\htdocs\aone_ecomm-master\upload\admin\model\catalog\product.php on line 139
2019-02-21 17:16:31 - PHP Notice:  Undefined index: jan in C:\xampp\htdocs\aone_ecomm-master\upload\admin\model\catalog\product.php on line 139
2019-02-21 17:16:31 - PHP Notice:  Undefined index: isbn in C:\xampp\htdocs\aone_ecomm-master\upload\admin\model\catalog\product.php on line 139
2019-02-21 17:16:31 - PHP Notice:  Undefined index: mpn in C:\xampp\htdocs\aone_ecomm-master\upload\admin\model\catalog\product.php on line 139
2019-02-21 17:16:31 - PHP Notice:  Undefined index: location in C:\xampp\htdocs\aone_ecomm-master\upload\admin\model\catalog\product.php on line 139
2019-02-21 17:16:31 - PHP Notice:  Undefined index: tag in C:\xampp\htdocs\aone_ecomm-master\upload\admin\model\catalog\product.php on line 148
2019-02-21 17:16:31 - PHP Notice:  Undefined index: meta_keyword in C:\xampp\htdocs\aone_ecomm-master\upload\admin\model\catalog\product.php on line 148
2019-02-21 17:49:04 - PHP Notice:  Undefined index: sku in C:\xampp\htdocs\aone_ecomm-master\upload\admin\model\catalog\product.php on line 139
2019-02-21 17:49:04 - PHP Notice:  Undefined index: upc in C:\xampp\htdocs\aone_ecomm-master\upload\admin\model\catalog\product.php on line 139
2019-02-21 17:49:04 - PHP Notice:  Undefined index: ean in C:\xampp\htdocs\aone_ecomm-master\upload\admin\model\catalog\product.php on line 139
2019-02-21 17:49:04 - PHP Notice:  Undefined index: jan in C:\xampp\htdocs\aone_ecomm-master\upload\admin\model\catalog\product.php on line 139
2019-02-21 17:49:04 - PHP Notice:  Undefined index: isbn in C:\xampp\htdocs\aone_ecomm-master\upload\admin\model\catalog\product.php on line 139
2019-02-21 17:49:04 - PHP Notice:  Undefined index: mpn in C:\xampp\htdocs\aone_ecomm-master\upload\admin\model\catalog\product.php on line 139
2019-02-21 17:49:04 - PHP Notice:  Undefined index: location in C:\xampp\htdocs\aone_ecomm-master\upload\admin\model\catalog\product.php on line 139
2019-02-21 17:49:04 - PHP Notice:  Undefined index: tag in C:\xampp\htdocs\aone_ecomm-master\upload\admin\model\catalog\product.php on line 148
2019-02-21 17:49:04 - PHP Notice:  Undefined index: meta_keyword in C:\xampp\htdocs\aone_ecomm-master\upload\admin\model\catalog\product.php on line 148
2019-02-21 17:52:55 - PHP Notice:  Undefined index: product_id in C:\xampp\htdocs\aone_ecomm-master\upload\admin\controller\catalog\product.php on line 139
2019-02-21 17:52:55 - PHP Notice:  Undefined index: master_id in C:\xampp\htdocs\aone_ecomm-master\upload\admin\controller\catalog\product.php on line 136
2019-02-21 17:52:55 - PHP Notice:  Undefined index: model in C:\xampp\htdocs\aone_ecomm-master\upload\admin\controller\catalog\product.php on line 136
2019-02-21 17:52:55 - PHP Notice:  Undefined index: sku in C:\xampp\htdocs\aone_ecomm-master\upload\admin\controller\catalog\product.php on line 139
2019-02-21 17:52:55 - PHP Notice:  Undefined index: upc in C:\xampp\htdocs\aone_ecomm-master\upload\admin\controller\catalog\product.php on line 139
2019-02-21 17:52:55 - PHP Notice:  Undefined index: ean in C:\xampp\htdocs\aone_ecomm-master\upload\admin\controller\catalog\product.php on line 139
2019-02-21 17:52:55 - PHP Notice:  Undefined index: jan in C:\xampp\htdocs\aone_ecomm-master\upload\admin\controller\catalog\product.php on line 139
2019-02-21 17:52:55 - PHP Notice:  Undefined index: isbn in C:\xampp\htdocs\aone_ecomm-master\upload\admin\controller\catalog\product.php on line 139
2019-02-21 17:52:55 - PHP Notice:  Undefined index: mpn in C:\xampp\htdocs\aone_ecomm-master\upload\admin\controller\catalog\product.php on line 139
2019-02-21 17:52:55 - PHP Notice:  Undefined index: location in C:\xampp\htdocs\aone_ecomm-master\upload\admin\controller\catalog\product.php on line 139
2019-02-21 17:52:55 - PHP Notice:  Undefined index: variant in C:\xampp\htdocs\aone_ecomm-master\upload\admin\controller\catalog\product.php on line 139
2019-02-21 17:52:55 - PHP Notice:  Undefined index: quantity in C:\xampp\htdocs\aone_ecomm-master\upload\admin\controller\catalog\product.php on line 136
2019-02-21 17:52:55 - PHP Notice:  Undefined index: stock_status_id in C:\xampp\htdocs\aone_ecomm-master\upload\admin\controller\catalog\product.php on line 136
2019-02-21 17:52:55 - PHP Notice:  Undefined index: image in C:\xampp\htdocs\aone_ecomm-master\upload\admin\controller\catalog\product.php on line 136
2019-02-21 17:52:55 - PHP Notice:  Undefined index: manufacturer_id in C:\xampp\htdocs\aone_ecomm-master\upload\admin\controller\catalog\product.php on line 136
2019-02-21 17:52:55 - PHP Notice:  Undefined index: shipping in C:\xampp\htdocs\aone_ecomm-master\upload\admin\controller\catalog\product.php on line 136
2019-02-21 17:52:55 - PHP Notice:  Undefined index: price in C:\xampp\htdocs\aone_ecomm-master\upload\admin\controller\catalog\product.php on line 136
2019-02-21 17:52:55 - PHP Notice:  Undefined index: points in C:\xampp\htdocs\aone_ecomm-master\upload\admin\controller\catalog\product.php on line 136
2019-02-21 17:52:55 - PHP Notice:  Undefined index: tax_class_id in C:\xampp\htdocs\aone_ecomm-master\upload\admin\controller\catalog\product.php on line 136
2019-02-21 17:52:55 - PHP Notice:  Undefined index: date_available in C:\xampp\htdocs\aone_ecomm-master\upload\admin\controller\catalog\product.php on line 136
2019-02-21 17:52:55 - PHP Notice:  Undefined index: weight in C:\xampp\htdocs\aone_ecomm-master\upload\admin\controller\catalog\product.php on line 136
2019-02-21 17:52:55 - PHP Notice:  Undefined index: weight_class_id in C:\xampp\htdocs\aone_ecomm-master\upload\admin\controller\catalog\product.php on line 136
2019-02-21 17:52:55 - PHP Notice:  Undefined index: length in C:\xampp\htdocs\aone_ecomm-master\upload\admin\controller\catalog\product.php on line 136
2019-02-21 17:52:55 - PHP Notice:  Undefined index: width in C:\xampp\htdocs\aone_ecomm-master\upload\admin\controller\catalog\product.php on line 136
2019-02-21 17:52:55 - PHP Notice:  Undefined index: height in C:\xampp\htdocs\aone_ecomm-master\upload\admin\controller\catalog\product.php on line 136
2019-02-21 17:52:55 - PHP Notice:  Undefined index: length_class_id in C:\xampp\htdocs\aone_ecomm-master\upload\admin\controller\catalog\product.php on line 136
2019-02-21 17:52:55 - PHP Notice:  Undefined index: subtract in C:\xampp\htdocs\aone_ecomm-master\upload\admin\controller\catalog\product.php on line 136
2019-02-21 17:52:55 - PHP Notice:  Undefined index: minimum in C:\xampp\htdocs\aone_ecomm-master\upload\admin\controller\catalog\product.php on line 136
2019-02-21 17:52:55 - PHP Notice:  Undefined index: sort_order in C:\xampp\htdocs\aone_ecomm-master\upload\admin\controller\catalog\product.php on line 136
2019-02-21 17:52:55 - PHP Notice:  Undefined index: status in C:\xampp\htdocs\aone_ecomm-master\upload\admin\controller\catalog\product.php on line 136
2019-02-21 17:52:55 - PHP Notice:  Undefined index: viewed in C:\xampp\htdocs\aone_ecomm-master\upload\admin\controller\catalog\product.php on line 139
2019-02-21 17:52:55 - PHP Notice:  Undefined index: date_added in C:\xampp\htdocs\aone_ecomm-master\upload\admin\controller\catalog\product.php on line 139
2019-02-21 17:52:55 - PHP Notice:  Undefined index: date_modified in C:\xampp\htdocs\aone_ecomm-master\upload\admin\controller\catalog\product.php on line 139
2019-02-21 17:52:55 - PHP Notice:  Undefined index: language_id in C:\xampp\htdocs\aone_ecomm-master\upload\admin\controller\catalog\product.php on line 139
2019-02-21 17:52:55 - PHP Notice:  Undefined index: name in C:\xampp\htdocs\aone_ecomm-master\upload\admin\controller\catalog\product.php on line 139
2019-02-21 17:52:55 - PHP Notice:  Undefined index: description in C:\xampp\htdocs\aone_ecomm-master\upload\admin\controller\catalog\product.php on line 139
2019-02-21 17:52:55 - PHP Notice:  Undefined index: tag in C:\xampp\htdocs\aone_ecomm-master\upload\admin\controller\catalog\product.php on line 139
2019-02-21 17:52:55 - PHP Notice:  Undefined index: meta_title in C:\xampp\htdocs\aone_ecomm-master\upload\admin\controller\catalog\product.php on line 139
2019-02-21 17:52:55 - PHP Notice:  Undefined index: meta_description in C:\xampp\htdocs\aone_ecomm-master\upload\admin\controller\catalog\product.php on line 139
2019-02-21 17:52:55 - PHP Notice:  Undefined index: meta_keyword in C:\xampp\htdocs\aone_ecomm-master\upload\admin\controller\catalog\product.php on line 139
2019-02-21 17:52:55 - PHP Notice:  Undefined index: sku in C:\xampp\htdocs\aone_ecomm-master\upload\admin\model\catalog\product.php on line 139
2019-02-21 17:52:55 - PHP Notice:  Undefined index: upc in C:\xampp\htdocs\aone_ecomm-master\upload\admin\model\catalog\product.php on line 139
2019-02-21 17:52:55 - PHP Notice:  Undefined index: ean in C:\xampp\htdocs\aone_ecomm-master\upload\admin\model\catalog\product.php on line 139
2019-02-21 17:52:55 - PHP Notice:  Undefined index: jan in C:\xampp\htdocs\aone_ecomm-master\upload\admin\model\catalog\product.php on line 139
2019-02-21 17:52:55 - PHP Notice:  Undefined index: isbn in C:\xampp\htdocs\aone_ecomm-master\upload\admin\model\catalog\product.php on line 139
2019-02-21 17:52:55 - PHP Notice:  Undefined index: mpn in C:\xampp\htdocs\aone_ecomm-master\upload\admin\model\catalog\product.php on line 139
2019-02-21 17:52:55 - PHP Notice:  Undefined index: location in C:\xampp\htdocs\aone_ecomm-master\upload\admin\model\catalog\product.php on line 139
2019-02-21 17:52:55 - PHP Notice:  Undefined index: tag in C:\xampp\htdocs\aone_ecomm-master\upload\admin\model\catalog\product.php on line 148
2019-02-21 17:52:55 - PHP Notice:  Undefined index: meta_keyword in C:\xampp\htdocs\aone_ecomm-master\upload\admin\model\catalog\product.php on line 148
2019-02-21 17:53:04 - PHP Notice:  Undefined index: sku in C:\xampp\htdocs\aone_ecomm-master\upload\admin\model\catalog\product.php on line 139
2019-02-21 17:53:04 - PHP Notice:  Undefined index: upc in C:\xampp\htdocs\aone_ecomm-master\upload\admin\model\catalog\product.php on line 139
2019-02-21 17:53:04 - PHP Notice:  Undefined index: ean in C:\xampp\htdocs\aone_ecomm-master\upload\admin\model\catalog\product.php on line 139
2019-02-21 17:53:04 - PHP Notice:  Undefined index: jan in C:\xampp\htdocs\aone_ecomm-master\upload\admin\model\catalog\product.php on line 139
2019-02-21 17:53:04 - PHP Notice:  Undefined index: isbn in C:\xampp\htdocs\aone_ecomm-master\upload\admin\model\catalog\product.php on line 139
2019-02-21 17:53:04 - PHP Notice:  Undefined index: mpn in C:\xampp\htdocs\aone_ecomm-master\upload\admin\model\catalog\product.php on line 139
2019-02-21 17:53:04 - PHP Notice:  Undefined index: location in C:\xampp\htdocs\aone_ecomm-master\upload\admin\model\catalog\product.php on line 139
2019-02-21 17:53:04 - PHP Notice:  Undefined index: tag in C:\xampp\htdocs\aone_ecomm-master\upload\admin\model\catalog\product.php on line 148
2019-02-21 17:53:04 - PHP Notice:  Undefined index: meta_keyword in C:\xampp\htdocs\aone_ecomm-master\upload\admin\model\catalog\product.php on line 148
2019-02-21 17:53:38 - PHP Notice:  Undefined index: sku in C:\xampp\htdocs\aone_ecomm-master\upload\admin\model\catalog\product.php on line 139
2019-02-21 17:53:38 - PHP Notice:  Undefined index: upc in C:\xampp\htdocs\aone_ecomm-master\upload\admin\model\catalog\product.php on line 139
2019-02-21 17:53:38 - PHP Notice:  Undefined index: ean in C:\xampp\htdocs\aone_ecomm-master\upload\admin\model\catalog\product.php on line 139
2019-02-21 17:53:38 - PHP Notice:  Undefined index: jan in C:\xampp\htdocs\aone_ecomm-master\upload\admin\model\catalog\product.php on line 139
2019-02-21 17:53:38 - PHP Notice:  Undefined index: isbn in C:\xampp\htdocs\aone_ecomm-master\upload\admin\model\catalog\product.php on line 139
2019-02-21 17:53:38 - PHP Notice:  Undefined index: mpn in C:\xampp\htdocs\aone_ecomm-master\upload\admin\model\catalog\product.php on line 139
2019-02-21 17:53:38 - PHP Notice:  Undefined index: location in C:\xampp\htdocs\aone_ecomm-master\upload\admin\model\catalog\product.php on line 139
2019-02-21 17:53:38 - PHP Notice:  Undefined index: tag in C:\xampp\htdocs\aone_ecomm-master\upload\admin\model\catalog\product.php on line 148
2019-02-21 17:53:38 - PHP Notice:  Undefined index: meta_keyword in C:\xampp\htdocs\aone_ecomm-master\upload\admin\model\catalog\product.php on line 148
2019-02-21 17:55:42 - PHP Notice:  Undefined index: sku in C:\xampp\htdocs\aone_ecomm-master\upload\admin\model\catalog\product.php on line 139
2019-02-21 17:55:42 - PHP Notice:  Undefined index: upc in C:\xampp\htdocs\aone_ecomm-master\upload\admin\model\catalog\product.php on line 139
2019-02-21 17:55:42 - PHP Notice:  Undefined index: ean in C:\xampp\htdocs\aone_ecomm-master\upload\admin\model\catalog\product.php on line 139
2019-02-21 17:55:42 - PHP Notice:  Undefined index: jan in C:\xampp\htdocs\aone_ecomm-master\upload\admin\model\catalog\product.php on line 139
2019-02-21 17:55:42 - PHP Notice:  Undefined index: isbn in C:\xampp\htdocs\aone_ecomm-master\upload\admin\model\catalog\product.php on line 139
2019-02-21 17:55:42 - PHP Notice:  Undefined index: mpn in C:\xampp\htdocs\aone_ecomm-master\upload\admin\model\catalog\product.php on line 139
2019-02-21 17:55:42 - PHP Notice:  Undefined index: location in C:\xampp\htdocs\aone_ecomm-master\upload\admin\model\catalog\product.php on line 139
2019-02-21 17:55:42 - PHP Notice:  Undefined index: tag in C:\xampp\htdocs\aone_ecomm-master\upload\admin\model\catalog\product.php on line 148
2019-02-21 17:55:42 - PHP Notice:  Undefined index: meta_keyword in C:\xampp\htdocs\aone_ecomm-master\upload\admin\model\catalog\product.php on line 148
2019-02-22 3:49:11 - Exception:  Error: Could not make a database link using root@localhost! in C:\xampp\htdocs\aone_ecomm-master\upload\system\library\db\mysqli.php on line 13
2019-02-22 4:06:48 - PHP Notice:  Undefined index: sku in C:\xampp\htdocs\aone_ecomm-master\upload\admin\model\catalog\product.php on line 139
2019-02-22 4:06:48 - PHP Notice:  Undefined index: upc in C:\xampp\htdocs\aone_ecomm-master\upload\admin\model\catalog\product.php on line 139
2019-02-22 4:06:48 - PHP Notice:  Undefined index: ean in C:\xampp\htdocs\aone_ecomm-master\upload\admin\model\catalog\product.php on line 139
2019-02-22 4:06:48 - PHP Notice:  Undefined index: jan in C:\xampp\htdocs\aone_ecomm-master\upload\admin\model\catalog\product.php on line 139
2019-02-22 4:06:48 - PHP Notice:  Undefined index: isbn in C:\xampp\htdocs\aone_ecomm-master\upload\admin\model\catalog\product.php on line 139
2019-02-22 4:06:48 - PHP Notice:  Undefined index: mpn in C:\xampp\htdocs\aone_ecomm-master\upload\admin\model\catalog\product.php on line 139
2019-02-22 4:06:48 - PHP Notice:  Undefined index: location in C:\xampp\htdocs\aone_ecomm-master\upload\admin\model\catalog\product.php on line 139
2019-02-22 4:06:48 - PHP Notice:  Undefined index: tag in C:\xampp\htdocs\aone_ecomm-master\upload\admin\model\catalog\product.php on line 148
2019-02-22 4:06:48 - PHP Notice:  Undefined index: meta_keyword in C:\xampp\htdocs\aone_ecomm-master\upload\admin\model\catalog\product.php on line 148
2019-02-22 4:07:29 - PHP Notice:  Undefined index: sku in C:\xampp\htdocs\aone_ecomm-master\upload\admin\model\catalog\product.php on line 139
2019-02-22 4:07:29 - PHP Notice:  Undefined index: upc in C:\xampp\htdocs\aone_ecomm-master\upload\admin\model\catalog\product.php on line 139
2019-02-22 4:07:29 - PHP Notice:  Undefined index: ean in C:\xampp\htdocs\aone_ecomm-master\upload\admin\model\catalog\product.php on line 139
2019-02-22 4:07:29 - PHP Notice:  Undefined index: jan in C:\xampp\htdocs\aone_ecomm-master\upload\admin\model\catalog\product.php on line 139
2019-02-22 4:07:29 - PHP Notice:  Undefined index: isbn in C:\xampp\htdocs\aone_ecomm-master\upload\admin\model\catalog\product.php on line 139
2019-02-22 4:07:29 - PHP Notice:  Undefined index: mpn in C:\xampp\htdocs\aone_ecomm-master\upload\admin\model\catalog\product.php on line 139
2019-02-22 4:07:29 - PHP Notice:  Undefined index: location in C:\xampp\htdocs\aone_ecomm-master\upload\admin\model\catalog\product.php on line 139
2019-02-22 4:07:29 - PHP Notice:  Undefined index: tag in C:\xampp\htdocs\aone_ecomm-master\upload\admin\model\catalog\product.php on line 148
2019-02-22 4:07:29 - PHP Notice:  Undefined index: meta_keyword in C:\xampp\htdocs\aone_ecomm-master\upload\admin\model\catalog\product.php on line 148
2019-02-22 4:51:48 - PHP Notice:  Undefined index: sku in C:\xampp\htdocs\aone_ecomm-master\upload\admin\model\catalog\product.php on line 4
2019-02-22 4:51:48 - PHP Notice:  Undefined index: upc in C:\xampp\htdocs\aone_ecomm-master\upload\admin\model\catalog\product.php on line 4
2019-02-22 4:51:48 - PHP Notice:  Undefined index: ean in C:\xampp\htdocs\aone_ecomm-master\upload\admin\model\catalog\product.php on line 4
2019-02-22 4:51:48 - PHP Notice:  Undefined index: jan in C:\xampp\htdocs\aone_ecomm-master\upload\admin\model\catalog\product.php on line 4
2019-02-22 4:51:48 - PHP Notice:  Undefined index: isbn in C:\xampp\htdocs\aone_ecomm-master\upload\admin\model\catalog\product.php on line 4
2019-02-22 4:51:48 - PHP Notice:  Undefined index: mpn in C:\xampp\htdocs\aone_ecomm-master\upload\admin\model\catalog\product.php on line 4
2019-02-22 4:51:48 - PHP Notice:  Undefined index: location in C:\xampp\htdocs\aone_ecomm-master\upload\admin\model\catalog\product.php on line 4
2019-02-22 4:51:48 - PHP Notice:  Undefined index: tag in C:\xampp\htdocs\aone_ecomm-master\upload\admin\model\catalog\product.php on line 13
2019-02-22 4:51:48 - PHP Notice:  Undefined index: meta_keyword in C:\xampp\htdocs\aone_ecomm-master\upload\admin\model\catalog\product.php on line 13
